<?xml version="1.0" ?>
<!DOCTYPE coverage
  SYSTEM 'http://cobertura.sourceforge.net/xml/coverage-03.dtd'>
<coverage branch-rate="0" line-rate="0.5" timestamp="1422365174694" version="3.7.1">
	<!-- Generated by coverage.py: http://nedbatchelder.com/code/coverage -->
	<packages>
		<package branch-rate="0" complexity="0" line-rate="0.5" name="">
			<classes>
				<class branch-rate="0" complexity="0" filename="src/prod.py" line-rate="0.5" name="src/prod">
					<methods/>
					<lines>
						<line hits="1" number="1"/>
						<line branch="true" condition-coverage="0% (0/2)" hits="0" number="2"/>
						<line hits="0" number="3"/>
						<line hits="0" number="5"/>
						<line hits="1" number="7"/>
						<line hits="1" number="8"/>
						<line hits="1" number="10"/>
						<line hits="0" number="11"/>
					</lines>
				</class>
				<class branch-rate="0" complexity="0" filename="src/test_integration.py" line-rate="1" name="src/test_integration">
					<methods/>
					<lines>
						<line hits="1" number="1"/>
						<line hits="1" number="2"/>
						<line hits="1" number="3"/>
					</lines>
				</class>
				<class branch-rate="0" complexity="0" filename="src/test_unit.py" line-rate="0" name="src/test_unit">
					<methods/>
					<lines>
						<line hits="0" number="1"/>
						<line hits="0" number="2"/>
						<line hits="0" number="3"/>
					</lines>
				</class>
			</classes>
		</package>
	</packages>
</coverage>
