<?xml version="1.0" ?>
<!DOCTYPE coverage
  SYSTEM 'http://cobertura.sourceforge.net/xml/coverage-03.dtd'>
<coverage branch-rate="0" line-rate="0.5" timestamp="1422365174694" version="3.7.1">
	<!-- Generated by coverage.py: http://nedbatchelder.com/code/coverage -->
	<packages>
		<package branch-rate="0" complexity="0" line-rate="0.5" name="">
			<classes>
				<class branch-rate="0" complexity="0" filename="src/prod_untouched.py" line-rate="0.5" name="src/prod">
					<methods/>
					<lines>
						<line hits="0" number="5"/>
						<line hits="1" number="6"/>
						<line hits="1" number="7"/>
					</lines>
				</class>
			</classes>
		</package>
	</packages>
</coverage>
