<?xml version="1.0" ?>
<!DOCTYPE coverage SYSTEM 'http://cobertura.sourceforge.net/xml/coverage-03.dtd'>
<coverage branch-rate="0.5" line-rate="0.27397260274" timestamp="1335184370" version="gcovr 2.5-prerelease (r2774)">
  <packages>
    <package branch-rate="0.0" complexity="0.0" line-rate="0.0" name="sources.utils">
      <classes>
        <class branch-rate="0.0" complexity="0.0" filename="file1.py" line-rate="0.0" name="code_chunks_cpp">
          <lines>
            <line branch="false" hits="10" number="1"/>
            <line branch="false" hits="0" number="4"/>
          </lines>
        </class>
      </classes>
    </package>
  </packages>
</coverage>
