
jinja2.exceptionsÿ
TemplateErrorjinja2.exceptions.TemplateError"builtins.Exception*á
__init__(jinja2.exceptions.TemplateError.__init__"
None*L
selfB
jinja2.exceptions.TemplateError"jinja2.exceptions.TemplateError*S
messageD
Union[builtins.str,None]
builtins.str"builtins.str
None *Ô
message'jinja2.exceptions.TemplateError.message"D
Union[builtins.str,None]
builtins.str"builtins.str
None*L
selfB
jinja2.exceptions.TemplateError"jinja2.exceptions.TemplateError0:property` 

TemplateNotFound"jinja2.exceptions.TemplateNotFound"builtins.OSError"builtins.LookupError"jinja2.exceptions.TemplateError*‹
__init__+jinja2.exceptions.TemplateNotFound.__init__"
None*R
selfH
"jinja2.exceptions.TemplateNotFound""jinja2.exceptions.TemplateNotFound*ž
name“
1Union[builtins.str,jinja2.runtime.Undefined,None]
builtins.str"builtins.str4
jinja2.runtime.Undefined"jinja2.runtime.Undefined
None*S
messageD
Union[builtins.str,None]
builtins.str"builtins.str
None *¥
__str__*jinja2.exceptions.TemplateNotFound.__str__"
builtins.str"builtins.str*P
selfH
"jinja2.exceptions.TemplateNotFound""jinja2.exceptions.TemplateNotFoundr{
message*jinja2.exceptions.TemplateNotFound.messageD
Union[builtins.str,None]
builtins.str"builtins.str
NonerÅ
name'jinja2.exceptions.TemplateNotFound.name“
1Union[builtins.str,jinja2.runtime.Undefined,None]
builtins.str"builtins.str4
jinja2.runtime.Undefined"jinja2.runtime.Undefined
Noner£
	templates,jinja2.exceptions.TemplateNotFound.templatesç
@builtins.list[Union[builtins.str,jinja2.runtime.Undefined,None]]“
1Union[builtins.str,jinja2.runtime.Undefined,None]
builtins.str"builtins.str4
jinja2.runtime.Undefined"jinja2.runtime.Undefined
None"builtins.list´
TemplatesNotFound#jinja2.exceptions.TemplatesNotFound""jinja2.exceptions.TemplateNotFound*Õ
__init__,jinja2.exceptions.TemplatesNotFound.__init__"
None*T
selfJ
#jinja2.exceptions.TemplatesNotFound"#jinja2.exceptions.TemplatesNotFound*å
names×
=typing.Sequence[Union[builtins.str,jinja2.runtime.Undefined]]„
,Union[builtins.str,jinja2.runtime.Undefined]
builtins.str"builtins.str4
jinja2.runtime.Undefined"jinja2.runtime.Undefined"typing.Sequence *S
messageD
Union[builtins.str,None]
builtins.str"builtins.str
None §

TemplateSyntaxError%jinja2.exceptions.TemplateSyntaxError"jinja2.exceptions.TemplateError*›
__init__.jinja2.exceptions.TemplateSyntaxError.__init__"
None*X
selfN
%jinja2.exceptions.TemplateSyntaxError"%jinja2.exceptions.TemplateSyntaxError*)
message
builtins.str"builtins.str*(
lineno
builtins.int"builtins.int*P
nameD
Union[builtins.str,None]
builtins.str"builtins.str
None *T
filenameD
Union[builtins.str,None]
builtins.str"builtins.str
None *®
__str__-jinja2.exceptions.TemplateSyntaxError.__str__"
builtins.str"builtins.str*V
selfN
%jinja2.exceptions.TemplateSyntaxError"%jinja2.exceptions.TemplateSyntaxError*H

__reduce__0jinja2.exceptions.TemplateSyntaxError.__reduce__*
selfrT
lineno,jinja2.exceptions.TemplateSyntaxError.lineno
builtins.int"builtins.intrx
name*jinja2.exceptions.TemplateSyntaxError.nameD
Union[builtins.str,None]
builtins.str"builtins.str
Noner€
filename.jinja2.exceptions.TemplateSyntaxError.filenameD
Union[builtins.str,None]
builtins.str"builtins.str
Noner|
source,jinja2.exceptions.TemplateSyntaxError.sourceD
Union[builtins.str,None]
builtins.str"builtins.str
Noner^

translated0jinja2.exceptions.TemplateSyntaxError.translated
builtins.bool"builtins.booli
TemplateAssertionError(jinja2.exceptions.TemplateAssertionError"%jinja2.exceptions.TemplateSyntaxError_
TemplateRuntimeError&jinja2.exceptions.TemplateRuntimeError"jinja2.exceptions.TemplateErrorZ
UndefinedError jinja2.exceptions.UndefinedError"&jinja2.exceptions.TemplateRuntimeErrorX
SecurityErrorjinja2.exceptions.SecurityError"&jinja2.exceptions.TemplateRuntimeErrord
FilterArgumentError%jinja2.exceptions.FilterArgumentError"&jinja2.exceptions.TemplateRuntimeError*
ttyping 