<?xml version="1.0" ?>
<!DOCTYPE coverage
  SYSTEM 'http://cobertura.sourceforge.net/xml/coverage-03.dtd'>
<coverage branch-rate="0.75" line-rate="0.3684" timestamp="1406114644652" version="3.5.2">
	<!-- Generated by coverage.py: http://nedbatchelder.com/code/coverage -->
	<packages>
		<package branch-rate="0.75" complexity="0" line-rate="0.2" name="src">
			<classes>
				<class branch-rate="0" complexity="0" filename="src/__init__.py" line-rate="0" name="__init__">
					<methods/>
					<lines/>
				</class>
				<class branch-rate="1" complexity="0" filename="src/prod.py" line-rate="0.4615" name="prod">
					<methods/>
					<lines>
						<line hits="1" number="1"/>
						<line branch="true" condition-coverage="100% (2/2)" hits="1" number="2"/>
						<line hits="1" number="3"/>
						<line hits="1" number="5"/>
						<line hits="1" number="7"/>
						<line branch="true" condition-coverage="100% (2/2)" hits="0" number="8"/>
						<line hits="0" number="9"/>
						<line hits="0" number="10"/>
						<line hits="1" number="15"/>
						<line hits="0" number="16"/>
						<line hits="0" number="17"/>
						<line hits="0" number="18"/>
						<line hits="0" number="19"/>
					</lines>
				</class>
				<class branch-rate="0.5" complexity="0" filename="src/prod_duplicated.py" line-rate="0" name="prod_duplicated">
					<methods/>
					<lines>
						<line hits="0" number="1"/>
						<line branch="true" condition-coverage="0% (0/2)" hits="0" number="2"/>
						<line hits="0" number="3"/>
						<line hits="0" number="5"/>
						<line hits="0" number="7"/>
						<line branch="true" condition-coverage="100% (2/2)" hits="0" number="8"/>
						<line hits="0" number="9"/>
						<line hits="0" number="10"/>
						<line hits="0" number="13"/>
						<line hits="0" number="14"/>
						<line hits="0" number="15"/>
						<line hits="0" number="16"/>
						<line hits="0" number="17"/>
					</lines>
				</class>
				<class branch-rate="0" complexity="0" filename="src/prod_uncovered.py" line-rate="0" name="prod_uncovered">
					<methods/>
					<lines>
						<line hits="0" number="3"/>
						<line hits="0" number="4"/>
						<line hits="0" number="6"/>
						<line hits="0" number="7"/>
					</lines>
				</class>
			</classes>
		</package>
		<package branch-rate="0" complexity="0" line-rate="1" name="src.tests">
			<classes>
				<class branch-rate="0" complexity="0" filename="src/tests/__init__.py" line-rate="0" name="__init__">
					<methods/>
					<lines/>
				</class>
				<class branch-rate="0" complexity="0" filename="src/tests/test_prod.py" line-rate="1" name="test_prod">
					<methods/>
					<lines>
						<line hits="1" number="1"/>
						<line hits="1" number="2"/>
						<line hits="1" number="3"/>
						<line hits="1" number="5"/>
						<line hits="1" number="6"/>
						<line hits="1" number="8"/>
						<line hits="1" number="9"/>
						<line hits="1" number="10"/>
					</lines>
				</class>
			</classes>
		</package>
	</packages>
</coverage>
