
_pytest.doctestí	
ReprFailDoctest_pytest.doctest.ReprFailDoctest"_pytest._code.code.TerminalRepr*ÿ
__init__(_pytest.doctest.ReprFailDoctest.__init__"
None*L
selfB
_pytest.doctest.ReprFailDoctest"_pytest.doctest.ReprFailDoctest*ð
reprlocation_lines×
Ytyping.Sequence[Tuple[_pytest._code.code.ReprFileLocation,typing.Sequence[builtins.str]]]è
HTuple[_pytest._code.code.ReprFileLocation,typing.Sequence[builtins.str]]J
#_pytest._code.code.ReprFileLocation"#_pytest._code.code.ReprFileLocationN
typing.Sequence[builtins.str]
builtins.str"builtins.str"typing.Sequence"typing.Sequence*ð

toterminal*_pytest.doctest.ReprFailDoctest.toterminal"
None*L
selfB
_pytest.doctest.ReprFailDoctest"_pytest.doctest.ReprFailDoctest*^
twV
)_pytest._io.terminalwriter.TerminalWriter")_pytest._io.terminalwriter.TerminalWriterr¢
reprlocation_lines2_pytest.doctest.ReprFailDoctest.reprlocation_lines×
Ytyping.Sequence[Tuple[_pytest._code.code.ReprFileLocation,typing.Sequence[builtins.str]]]è
HTuple[_pytest._code.code.ReprFileLocation,typing.Sequence[builtins.str]]J
#_pytest._code.code.ReprFileLocation"#_pytest._code.code.ReprFileLocationN
typing.Sequence[builtins.str]
builtins.str"builtins.str"typing.Sequence"typing.Sequence¦
MultipleDoctestFailures'_pytest.doctest.MultipleDoctestFailures"builtins.Exception* 
__init__0_pytest.doctest.MultipleDoctestFailures.__init__"
None*\
selfR
'_pytest.doctest.MultipleDoctestFailures"'_pytest.doctest.MultipleDoctestFailures*z
failuresl
'typing.Sequence[doctest.DocTestFailure]0
doctest.DocTestFailure"doctest.DocTestFailure"typing.Sequencerª
failures0_pytest.doctest.MultipleDoctestFailures.failuresl
'typing.Sequence[doctest.DocTestFailure]0
doctest.DocTestFailure"doctest.DocTestFailure"typing.Sequence
DoctestItem_pytest.doctest.DoctestItem"_pytest.nodes.Item*Ï
__init__$_pytest.doctest.DoctestItem.__init__"
None*D
self:
_pytest.doctest.DoctestItem"_pytest.doctest.DoctestItem*&
name
builtins.str"builtins.str*Ù
parentÌ
DUnion[_pytest.doctest.DoctestTextfile,_pytest.doctest.DoctestModule]B
_pytest.doctest.DoctestTextfile"_pytest.doctest.DoctestTextfile>
_pytest.doctest.DoctestModule"_pytest.doctest.DoctestModule*m
runner_
!Union[doctest.DocTestRunner,None].
doctest.DocTestRunner"doctest.DocTestRunner
None *Z
dtestM
Union[doctest.DocTest,None]"
doctest.DocTest"doctest.DocTest
None *±
from_parent'_pytest.doctest.DoctestItem.from_parent"
Any*p
clsg
!Type[_pytest.doctest.DoctestItem]:
_pytest.doctest.DoctestItem"_pytest.doctest.DoctestItem"type*Ù
parentÌ
DUnion[_pytest.doctest.DoctestTextfile,_pytest.doctest.DoctestModule]B
_pytest.doctest.DoctestTextfile"_pytest.doctest.DoctestTextfile>
_pytest.doctest.DoctestModule"_pytest.doctest.DoctestModule*&
name
builtins.str"builtins.str*:
runner.
doctest.DocTestRunner"doctest.DocTestRunner*-
dtest"
doctest.DocTest"doctest.DocTest0:classmethodp*z
setup!_pytest.doctest.DoctestItem.setup"
None*D
self:
_pytest.doctest.DoctestItem"_pytest.doctest.DoctestItem*~
runtest#_pytest.doctest.DoctestItem.runtest"
None*D
self:
_pytest.doctest.DoctestItem"_pytest.doctest.DoctestItem*¸
$_disable_output_capturing_for_darwin@_pytest.doctest.DoctestItem._disable_output_capturing_for_darwin"
None*D
self:
_pytest.doctest.DoctestItem"_pytest.doctest.DoctestItem*¹
repr_failure(_pytest.doctest.DoctestItem.repr_failure"™
3Union[builtins.str,_pytest._code.code.TerminalRepr]
builtins.str"builtins.strB
_pytest._code.code.TerminalRepr"_pytest._code.code.TerminalRepr*D
self:
_pytest.doctest.DoctestItem"_pytest.doctest.DoctestItem*œ
excinfoŽ
8_pytest._code.code.ExceptionInfo[builtins.BaseException]0
builtins.BaseException"builtins.BaseException" _pytest._code.code.ExceptionInfo*Ù

reportinfo&_pytest.doctest.DoctestItem.reportinfo"Ü
ZTuple[Union[os.PathLike[builtins.str],builtins.str],Union[builtins.int,None],builtins.str]—
-Union[os.PathLike[builtins.str],builtins.str]F
os.PathLike[builtins.str]
builtins.str"builtins.str"os.PathLike
builtins.str"builtins.strD
Union[builtins.int,None]
builtins.int"builtins.int
None
builtins.str"builtins.str*D
self:
_pytest.doctest.DoctestItem"_pytest.doctest.DoctestItemr
runner"_pytest.doctest.DoctestItem.runner_
!Union[doctest.DocTestRunner,None].
doctest.DocTestRunner"doctest.DocTestRunner
Nonery
dtest!_pytest.doctest.DoctestItem.dtestM
Union[doctest.DocTest,None]"
doctest.DocTest"doctest.DocTest
Noner0
obj_pytest.doctest.DoctestItem.obj
Noner½
fixture_request+_pytest.doctest.DoctestItem.fixture_request}
+Union[_pytest.fixtures.FixtureRequest,None]B
_pytest.fixtures.FixtureRequest"_pytest.fixtures.FixtureRequest
Noneÿ
DoctestTextfile_pytest.doctest.DoctestTextfile"_pytest.python.Module*ý
collect'_pytest.doctest.DoctestTextfile.collect"{
,typing.Iterable[_pytest.doctest.DoctestItem]:
_pytest.doctest.DoctestItem"_pytest.doctest.DoctestItem"typing.Iterable*L
selfB
_pytest.doctest.DoctestTextfile"_pytest.doctest.DoctestTextfiler4
obj#_pytest.doctest.DoctestTextfile.obj
None¿
DoctestModule_pytest.doctest.DoctestModule"_pytest.python.Module*÷
collect%_pytest.doctest.DoctestModule.collect"{
,typing.Iterable[_pytest.doctest.DoctestItem]:
_pytest.doctest.DoctestItem"_pytest.doctest.DoctestItem"typing.Iterable*H
self>
_pytest.doctest.DoctestModule"_pytest.doctest.DoctestModuleË
PytestDoctestRunner@182'_pytest.doctest.PytestDoctestRunner@182"doctest.DebugRunner*Ø
__init__0_pytest.doctest.PytestDoctestRunner@182.__init__"
None*\
selfR
'_pytest.doctest.PytestDoctestRunner@182"'_pytest.doctest.PytestDoctestRunner@182*n
checker_
!Union[doctest.OutputChecker,None].
doctest.OutputChecker"doctest.OutputChecker
None *V
verboseG
Union[builtins.bool,None]
builtins.bool"builtins.bool
None */
optionflags
builtins.int"builtins.int *9
continue_on_failure
builtins.bool"builtins.bool *È
report_failure6_pytest.doctest.PytestDoctestRunner@182.report_failure"
None*\
selfR
'_pytest.doctest.PytestDoctestRunner@182"'_pytest.doctest.PytestDoctestRunner@182*
out
Any*,
test"
doctest.DocTest"doctest.DocTest*/
example"
doctest.Example"doctest.Example*%
got
builtins.str"builtins.str*×
report_unexpected_exceptionC_pytest.doctest.PytestDoctestRunner@182.report_unexpected_exception"
None*\
selfR
'_pytest.doctest.PytestDoctestRunner@182"'_pytest.doctest.PytestDoctestRunner@182*
out
Any*,
test"
doctest.DocTest"doctest.DocTest*/
example"
doctest.Example"doctest.Example*™
exc_infoŠ
NTuple[Type[builtins.BaseException],builtins.BaseException,types.TracebackType]X
Type[builtins.BaseException]0
builtins.BaseException"builtins.BaseException"type0
builtins.BaseException"builtins.BaseException*
types.TracebackType"types.TracebackTyperr
continue_on_failure;_pytest.doctest.PytestDoctestRunner@182.continue_on_failure
builtins.bool"builtins.bool‡
MockAwareDocTestFinder@501*_pytest.doctest.MockAwareDocTestFinder@501"doctest.DocTestFinder*l
_find_lineno7_pytest.doctest.MockAwareDocTestFinder@501._find_lineno*
self*
obj*
source_lines*·
_find0_pytest.doctest.MockAwareDocTestFinder@501._find"
None*b
selfX
*_pytest.doctest.MockAwareDocTestFinder@501"*_pytest.doctest.MockAwareDocTestFinder@501*
tests
Any*
obj
Any*
name
Any*
module
Any*
source_lines
Any*
globs
Any*
seen
Any›	
LiteralsOutputChecker@595)_pytest.doctest.LiteralsOutputChecker@595"doctest.OutputChecker*Æ
check_output6_pytest.doctest.LiteralsOutputChecker@595.check_output"
builtins.bool"builtins.bool*`
selfV
)_pytest.doctest.LiteralsOutputChecker@595")_pytest.doctest.LiteralsOutputChecker@595*&
want
builtins.str"builtins.str*%
got
builtins.str"builtins.str*-
optionflags
builtins.int"builtins.int*±
_remove_unwanted_precisionD_pytest.doctest.LiteralsOutputChecker@595._remove_unwanted_precision"
builtins.str"builtins.str*`
selfV
)_pytest.doctest.LiteralsOutputChecker@595")_pytest.doctest.LiteralsOutputChecker@595*&
want
builtins.str"builtins.str*%
got
builtins.str"builtins.strrš
_unicode_literal_re=_pytest.doctest.LiteralsOutputChecker@595._unicode_literal_reD
re.Pattern[builtins.str]
builtins.str"builtins.str"
re.Patternr–
_bytes_literal_re;_pytest.doctest.LiteralsOutputChecker@595._bytes_literal_reD
re.Pattern[builtins.str]
builtins.str"builtins.str"
re.Patternrˆ

_number_re4_pytest.doctest.LiteralsOutputChecker@595._number_reD
re.Pattern[builtins.str]
builtins.str"builtins.str"
re.Pattern
pytest_addoption _pytest.doctest.pytest_addoption"
None*P
parserD
 _pytest.config.argparsing.Parser" _pytest.config.argparsing.ParserB
pytest_unconfigure"_pytest.doctest.pytest_unconfigure"
None…
pytest_collect_file#_pytest.doctest.pytest_collect_file"Û
IUnion[_pytest.doctest.DoctestModule,_pytest.doctest.DoctestTextfile,None]>
_pytest.doctest.DoctestModule"_pytest.doctest.DoctestModuleB
_pytest.doctest.DoctestTextfile"_pytest.doctest.DoctestTextfile
None*+
	file_path
pathlib.Path"pathlib.Path*>
parent2
_pytest.nodes.Collector"_pytest.nodes.Collectort
_is_setup_py_pytest.doctest._is_setup_py"
builtins.bool"builtins.bool*&
path
pathlib.Path"pathlib.Pathî
_is_doctest_pytest.doctest._is_doctest"
builtins.bool"builtins.bool*:
config.
_pytest.config.Config"_pytest.config.Config*&
path
pathlib.Path"pathlib.Path*>
parent2
_pytest.nodes.Collector"_pytest.nodes.Collectorr
_is_main_py_pytest.doctest._is_main_py"
builtins.bool"builtins.bool*&
path
pathlib.Path"pathlib.Path
_init_runner_class"_pytest.doctest._init_runner_class"U
Type[doctest.DocTestRunner].
doctest.DocTestRunner"doctest.DocTestRunner"typeŽ
_get_runner_pytest.doctest._get_runner".
doctest.DocTestRunner"doctest.DocTestRunner*n
checker_
!Union[doctest.OutputChecker,None].
doctest.OutputChecker"doctest.OutputChecker
None *V
verboseG
Union[builtins.bool,None]
builtins.bool"builtins.bool
None */
optionflags
builtins.int"builtins.int *9
continue_on_failure
builtins.bool"builtins.bool «
_get_flag_lookup _pytest.doctest._get_flag_lookup"u
(builtins.dict[builtins.str,builtins.int]
builtins.str"builtins.str
builtins.int"builtins.int"builtins.dict>
get_optionflags_pytest.doctest.get_optionflags*

parentP
_get_continue_on_failure(_pytest.doctest._get_continue_on_failure*

configp
_check_all_skipped"_pytest.doctest._check_all_skipped"
None*,
test"
doctest.DocTest"doctest.DocTestu

_is_mocked_pytest.doctest._is_mocked"
builtins.bool"builtins.bool*+
obj"
builtins.object"builtins.objectÄ
_setup_fixtures_pytest.doctest._setup_fixtures"B
_pytest.fixtures.FixtureRequest"_pytest.fixtures.FixtureRequest*L
doctest_item:
_pytest.doctest.DoctestItem"_pytest.doctest.DoctestItem‘
_init_checker_class#_pytest.doctest._init_checker_class"U
Type[doctest.OutputChecker].
doctest.OutputChecker"doctest.OutputChecker"type\
_get_checker_pytest.doctest._get_checker".
doctest.OutputChecker"doctest.OutputChecker`
_get_allow_unicode_flag'_pytest.doctest._get_allow_unicode_flag"
builtins.int"builtins.int\
_get_allow_bytes_flag%_pytest.doctest._get_allow_bytes_flag"
builtins.int"builtins.intR
_get_number_flag _pytest.doctest._get_number_flag"
builtins.int"builtins.int}
_get_report_choice"_pytest.doctest._get_report_choice"
builtins.int"builtins.int*%
key
builtins.str"builtins.str*‹
__annotations___pytest.doctest.__annotations__W
builtins.dict[builtins.str,Any]
builtins.str"builtins.str
Any"builtins.dict*f
DOCTEST_REPORT_CHOICE_NONE*_pytest.doctest.DOCTEST_REPORT_CHOICE_NONE
builtins.str"builtins.str*h
DOCTEST_REPORT_CHOICE_CDIFF+_pytest.doctest.DOCTEST_REPORT_CHOICE_CDIFF
builtins.str"builtins.str*h
DOCTEST_REPORT_CHOICE_NDIFF+_pytest.doctest.DOCTEST_REPORT_CHOICE_NDIFF
builtins.str"builtins.str*h
DOCTEST_REPORT_CHOICE_UDIFF+_pytest.doctest.DOCTEST_REPORT_CHOICE_UDIFF
builtins.str"builtins.str*‚
(DOCTEST_REPORT_CHOICE_ONLY_FIRST_FAILURE8_pytest.doctest.DOCTEST_REPORT_CHOICE_ONLY_FIRST_FAILURE
builtins.str"builtins.str*¤
DOCTEST_REPORT_CHOICES&_pytest.doctest.DOCTEST_REPORT_CHOICESá
GTuple[builtins.str,builtins.str,builtins.str,builtins.str,builtins.str]
builtins.str"builtins.str
builtins.str"builtins.str
builtins.str"builtins.str
builtins.str"builtins.str
builtins.str"builtins.str*»
RUNNER_CLASS_pytest.doctest.RUNNER_CLASSŒ
'Union[Type[doctest.DocTestRunner],None]U
Type[doctest.DocTestRunner].
doctest.DocTestRunner"doctest.DocTestRunner"type
None*½
CHECKER_CLASS_pytest.doctest.CHECKER_CLASSŒ
'Union[Type[doctest.OutputChecker],None]U
Type[doctest.OutputChecker].
doctest.OutputChecker"doctest.OutputChecker"type
None