<?xml version="1.0" encoding="utf-8"?>
<testsuite errors="0" failures="2" name="pytest" skips="2" tests="12" time="0.088">
  <testcase classname="test_sample1" file="test_sample1.py" line="5" name="test_method_1" time="0.0005698204040527344"></testcase>
  <testcase classname="test_sample1" file="test_sample1.py" line="8" name="test_method_2" time="0.0004706382751464844">
    <failure message="failure message 1">
      Failure message 1 more info
    </failure>
  </testcase>
  <testcase classname="test_sample2" file="tests/dir/test_sample2.py" line="15" name="test_method_1"
            time="0.0005311965942382812"></testcase>
  <testcase classname="test_sample2" file="tests/dir/test_sample2.py" line="18" name="test_method_2" time="0.000518798828125"></testcase>
  <testcase classname="test_sample2" file="tests/dir/test_sample2.py" line="21" name="test_method_3" time="0.000446319580078125"></testcase>
  <testcase classname="test_sample2" file="tests/dir/test_sample2.py" line="25" name="test_method_4" time="0.0004372596740722656"></testcase>
  <testcase classname="test_sample2" file="tests/dir/test_sample2.py" line="29" name="test_method_5" time="0.00045943260192871094"></testcase>
  <testcase classname="test_sample2" file="tests/dir/test_sample2.py" line="38" name="test_method_6" time="0.0007162094116210938"></testcase>
  <testcase classname="test_sample2" file="tests/dir/test_sample2.py" line="38" name="test_method_7" time="0.0006396770477294922"></testcase>
  <testcase classname="test_sample2" file="tests/dir/test_sample2.py" line="47" name="test_method_8" time="0.00022912025451660156">
    <skipped message="skipped message" type="pytest.skip">more info</skipped>
  </testcase>
  <testcase classname="test_sample2" file="tests/dir/test_sample2.py" line="51" name="test_method_9" time="0.0005240440368652344">
    <skipped message="skipped message"></skipped>
  </testcase>
  <testcase classname="test_sample2" file="tests/dir/test_sample2.py" line="55" name="test_method_10" time="0.00041556358337402344">
    <failure message="failure message 2">
      Failure message 2 more info
    </failure>
  </testcase>
</testsuite>