<?xml version="1.0" ?>
<coverage branch-rate="0.5" branches-covered="2" branches-valid="4" complexity="0" line-rate="0.75" lines-covered="6" lines-valid="8" timestamp="1515594208483" version="4.4.2">
	<!-- Generated by coverage.py: https://coverage.readthedocs.io -->
	<!-- Based on https://raw.githubusercontent.com/cobertura/web/master/htdocs/xml/coverage-04.dtd -->
	<sources>
		<source>src/test/resources/org/sonar/plugins/python/coverage-reports/sources</source>
	</sources>
	<packages>
		<package branch-rate="0.5" complexity="0" line-rate="0.75" name=".">
			<classes>
				<class branch-rate="0.5" complexity="0" filename="file4.py" line-rate="0.75" name="file4.py">
					<methods/>
					<lines>
						<line hits="1" number="6"/>
						<line hits="1" number="7"/>
						<line branch="true" condition-coverage="50% (1/2)" hits="1" missing-branches="9" number="8"/>
						<line hits="0" number="9"/>
						<line branch="true" condition-coverage="50% (1/2)" hits="1" missing-branches="13" number="10"/>
						<line hits="1" number="11"/>
						<line hits="0" number="13"/>
						<line hits="1" number="15"/>
					</lines>
				</class>
			</classes>
		</package>
	</packages>
</coverage>
