<?xml version="1.0" ?>
<coverage branch-rate="0.5" branches-covered="2" branches-valid="4" complexity="0" line-rate="0.75" lines-covered="6" lines-valid="8" timestamp="1515594208483" version="4.4.2">
	<!-- Generated by coverage.py: https://coverage.readthedocs.io -->
	<!-- Based on https://raw.githubusercontent.com/cobertura/web/master/htdocs/xml/coverage-04.dtd -->
	<sources>
		<source>src/test/resources/org/sonar/plugins/python/coverage-reports/sources/folder2</source>
		<source>src/test/resources/org/sonar/plugins/python/coverage-reports/sources/folder1</source>
	</sources>
	<packages>
		<package name=".">
			<classes>
				<class filename="file1.py" name="file1.py">
					<methods/>
					<lines>
						<line hits="1" number="1"/>
					</lines>
				</class>
			</classes>
		</package>
		<package name=".">
			<classes>
				<class filename="file2.py" name="file2.py">
					<methods/>
					<lines>
						<line hits="1" number="1"/>
					</lines>
				</class>
			</classes>
		</package>
	</packages>
</coverage>
