<?xml version="1.0" ?>
<!DOCTYPE coverage
    SYSTEM 'http://cobertura.sourceforge.net/xml/coverage-03.dtd'>
<coverage branch-rate="0.5" line-rate="0.27397260274" timestamp="1335184370" version="gcovr 2.5-prerelease (r2774)">
  <packages>
    <package branch-rate="0.5" complexity="0.0" line-rate="0.625" name="builds.Unix Makefiles.COVERAGE.tests">
      <classes>
        <class branch-rate="0.5" complexity="0.0" filename="{ABSOLUTE_PATH_PLACEHOLDER}" line-rate="0.625" name="moc_SAMPLE-test_cxx">
          <lines>
            <line branch="false" hits="1" number="1"/>
            <line branch="false" hits="3" number="2"/>
            <line branch="true" condition-coverage="50% (1/2)" hits="1" number="3">
              <conditions>
                <condition coverage="50%" number="0" type="jump"/>
              </conditions>
            </line>
            <line branch="false" hits="0" number="4"/>
            <line branch="true" condition-coverage="50% (1/2)" hits="1" number="5">
              <conditions>
                <condition coverage="50%" number="0" type="jump"/>
              </conditions>
            </line>
            <line branch="true" condition-coverage="50% (1/2)" hits="1" number="6">
              <conditions>
                <condition coverage="50%" number="0" type="jump"/>
              </conditions>
            </line>
          </lines>
        </class>
      </classes>
    </package>
  </packages>
</coverage>
