<?xml version="1.0" ?>
<!DOCTYPE coverage
    SYSTEM 'http://cobertura.sourceforge.net/xml/coverage-03.dtd'>
<coverage branch-rate="0.5" line-rate="0.27397260274" timestamp="1335184370" version="gcovr 2.5-prerelease (r2774)">
  <sources>
    <source>src/test/resources/org/sonar/plugins/python/coverage-reports</source>
  </sources>
  <packages>
    <package branch-rate="0.0" complexity="0.0" line-rate="0.0" name="sources.utils">
      <classes>
        <class branch-rate="0.0" complexity="0.0" filename="sources/not_exist.py" line-rate="0.0" name="code_chunks_cpp">
          <lines>
            <line branch="false" hits="1" number="1"/>
            <line branch="false" hits="0" number="4"/>
            <line branch="false" hits="0" number="6"/>
          </lines>
        </class>
      </classes>
    </package>

    <package branch-rate="0.0" complexity="0.0" line-rate="0.0" name="sources.utils">
      <classes>
        <class branch-rate="0.0" complexity="0.0" filename="sources/file1.py" line-rate="0.0" name="code_chunks_cpp">
          <lines>
            <line branch="false" hits="1" number="1"/>
            <line branch="false" hits="0" number="4"/>
            <line branch="false" hits="0" number="6"/>
          </lines>
        </class>
      </classes>
    </package>
  </packages>
</coverage>
