<?xml version="1.0" ?>
<!DOCTYPE coverage
SYSTEM 'http://cobertura.sourceforge.net/xml/coverage-03.dtd'>
<coverage branch-rate="0.5" line-rate="0.27397260274" timestamp="1335184370" version="gcovr 2.5-prerelease (r2774)">
  <sources>
    <source>
      /home/wenns/src/sonar-plugins/cxx/src/samples/SampleProject
    </source>
  </sources>
  <packages>
    <package branch-rate="0.0" complexity="0.0" line-rate="0.0" name="sources.utils">
      <classes>
        <class branch-rate="0.0" complexity="0.0" filename="sources/file1.py" line-rate="0.0" name="code_chunks_cpp">
          <lines>
            <line branch="false" hits="0" number="17"/>
            <line branch="false" hits="0" number="20"/>
            <line branch="false" hits="0" number="22"/>
          </lines>
        </class>
      </classes>
    </package>
    <package branch-rate="0.5" complexity="0.0" line-rate="0.625" name="builds.Unix Makefiles.COVERAGE.tests">
      <classes>
        <class branch-rate="0.5" complexity="0.0" filename="sources/file2.py" line-rate="0.625" name="moc_SAMPLE-test_cxx">
          <lines>
            <line branch="false" hits="1" number="65"/>
            <line branch="false" hits="1" number="67"/>
            <line branch="true" condition-coverage="50% (1/2)" hits="1" number="68">
              <conditions>
                <condition coverage="50%" number="0" type="jump"/>
              </conditions>
            </line>
            <line branch="false" hits="0" number="69"/>
            <line branch="true" condition-coverage="50% (1/2)" hits="1" number="70">
              <conditions>
                <condition coverage="50%" number="0" type="jump"/>
              </conditions>
            </line>
            <line branch="true" condition-coverage="50% (1/2)" hits="1" number="71">
              <conditions>
                <condition coverage="50%" number="0" type="jump"/>
              </conditions>
            </line>
            <line branch="false" hits="1" number="72"/>
            <line branch="false" hits="1" number="75"/>
            <line branch="false" hits="1" number="77"/>
            <line branch="false" hits="17" number="52"/>
            <line branch="true" condition-coverage="50% (1/2)" hits="17" number="54">
              <conditions>
                <condition coverage="50%" number="0" type="jump"/>
              </conditions>
            </line>
            <line branch="false" hits="0" number="57"/>
            <line branch="false" hits="0" number="59"/>
            <line branch="false" hits="0" number="60"/>
            <line branch="false" hits="0" number="61"/>
            <line branch="false" hits="0" number="62"/>
          </lines>
        </class>
      </classes>
    </package>
  </packages>
</coverage>
